<?xml version="1.0" encoding="UTF-8"?>
<!-- Generated by org.testng.reporters.JUnitReportReporter -->
<testsuite hostname="SRAVANTHIT" name="com.HRMpom.testcasescripts.LoginPageTest" tests="2" failures="0" timestamp="30 Jun 2019 05:23:09 GMT" time="2.900" errors="0">
  <testcase name="LoginTest" time="2.841" classname="com.HRMpom.testcasescripts.LoginPageTest"/>
  <testcase name="loginPageTitleTest" time="0.059" classname="com.HRMpom.testcasescripts.LoginPageTest"/>
</testsuite> <!-- com.HRMpom.testcasescripts.LoginPageTest -->
