<?xml version="1.0" encoding="UTF-8"?>
<!-- Generated by org.testng.reporters.JUnitReportReporter -->
<testsuite hostname="SRAVANTHIT" name="com.HRMpom.testcasescripts.HomePageTest" tests="1" failures="0" timestamp="30 Jun 2019 05:21:04 GMT" time="18.984" errors="0">
  <testcase name="verifyHomePageTitleTest" time="18.984" classname="com.HRMpom.testcasescripts.HomePageTest"/>
</testsuite> <!-- com.HRMpom.testcasescripts.HomePageTest -->
